<?xml version="1.0" encoding="UTF-8"?>
<testng-results ignored="0" total="1" passed="1" failed="0" skipped="0">
  <reporter-output>
  </reporter-output>
  <suite started-at="2022-01-29T12:20:24 SGT" name="Surefire suite" finished-at="2022-01-29T12:20:45 SGT" duration-ms="20704">
    <groups>
      <group name="cucumber">
        <method signature="AbstractTestNGCucumberTests.runScenario(io.cucumber.testng.PickleWrapper,io.cucumber.testng.FeatureWrapper)[pri:0, instance:cucumberOptions.TestRunner@11dc3715]" name="runScenario" class="io.cucumber.testng.AbstractTestNGCucumberTests"/>
      </group> <!-- cucumber -->
    </groups>
    <test started-at="2022-01-29T12:20:24 SGT" name="Surefire test" finished-at="2022-01-29T12:20:45 SGT" duration-ms="20704">
      <class name="cucumberOptions.TestRunner">
        <test-method is-config="true" signature="setUpClass(org.testng.ITestContext)[pri:0, instance:cucumberOptions.TestRunner@11dc3715]" started-at="2022-01-29T12:20:24 SGT" name="setUpClass" finished-at="2022-01-29T12:20:24 SGT" duration-ms="157" status="PASS">
          <params>
            <param index="0">
              <value>
                <![CDATA[org.testng.TestRunner@33d53216]]>
              </value>
            </param>
          </params>
          <reporter-output>
          </reporter-output>
        </test-method> <!-- setUpClass -->
        <test-method signature="runScenario(io.cucumber.testng.PickleWrapper,io.cucumber.testng.FeatureWrapper)[pri:0, instance:cucumberOptions.TestRunner@11dc3715]" started-at="2022-01-29T12:20:24 SGT" name="runScenario" description="Runs Cucumber Scenarios" data-provider="scenarios" finished-at="2022-01-29T12:20:45 SGT" duration-ms="20511" status="PASS">
          <params>
            <param index="0">
              <value>
                <![CDATA["User search for product"]]>
              </value>
            </param>
            <param index="1">
              <value>
                <![CDATA["Optional[User search for product in the Home page and in the other page]"]]>
              </value>
            </param>
          </params>
          <reporter-output>
          </reporter-output>
        </test-method> <!-- runScenario -->
        <test-method is-config="true" signature="tearDownClass()[pri:0, instance:cucumberOptions.TestRunner@11dc3715]" started-at="2022-01-29T12:20:45 SGT" name="tearDownClass" finished-at="2022-01-29T12:20:45 SGT" duration-ms="7" status="PASS">
          <reporter-output>
          </reporter-output>
        </test-method> <!-- tearDownClass -->
      </class> <!-- cucumberOptions.TestRunner -->
    </test> <!-- Surefire test -->
  </suite> <!-- Surefire suite -->
</testng-results>
